<?xml version="1.0" encoding="UTF-8"?>
<testsuite xmlns:xsi="http://www.w3.org/2001/XMLSchema-instance" xsi:noNamespaceSchemaLocation="https://maven.apache.org/surefire/maven-surefire-plugin/xsd/surefire-test-report-3.0.xsd" version="3.0" name="com.bank.domain.SavingAccountTest" time="0.149" tests="4" errors="0" skipped="0" failures="0">
  <properties>
[...]
</properties>
  <testcase name="savingAccountWithdrawalKO" classname="com.bank.domain.SavingAccountTest" time="0.062"/>
  <testcase name="savingAccountWithdrawalOK" classname="com.bank.domain.SavingAccountTest" time="0.011"/>
  <testcase name="accountGetOperations" classname="com.bank.domain.SavingAccountTest" time="0.005"/>
  <testcase name="savingAccountDepositKO" classname="com.bank.domain.SavingAccountTest" time="0.004"/>
</testsuite>