<?xml version="1.0" encoding="UTF-8"?>
<testsuite xmlns:xsi="http://www.w3.org/2001/XMLSchema-instance" xsi:noNamespaceSchemaLocation="https://maven.apache.org/surefire/maven-surefire-plugin/xsd/surefire-test-report.xsd" version="3.0.2" name="com.bank.application.BankControllerTest" time="5.372" tests="9" errors="0" skipped="0" failures="0">
  <properties>
[...]
</properties>
  <testcase name="getWithdrawalTestKO" classname="com.bank.application.BankControllerTest" time="0.806">
    <system-out><![CDATA[
  .   ____          _            __ _ _
 /\\ / ___'_ __ _ _(_)_ __  __ _ \ \ \ \
( ( )\___ | '_ | '_| | '_ \/ _` | \ \ \ \
 \\/  ___)| |_)| | | | | || (_| |  ) ) ) )
  '  |____| .__|_| |_|_| |_\__, | / / / /
 =========|_|==============|___/=/_/_/_/

 :: Spring Boot ::                (v3.5.8)

2026-01-02T17:55:22.653+01:00  INFO 9596 --- [bank] [           main] c.bank.application.BankControllerTest    : Starting BankControllerTest using Java 21.0.9 with PID 9596 (started by Samyb in C:\Users\Samyb\Desktop\Bureau\travail\Bank-Account-API-Hexagonal-architecture\application)
2026-01-02T17:55:22.656+01:00  INFO 9596 --- [bank] [           main] c.bank.application.BankControllerTest    : The following 1 profile is active: "dev"
2026-01-02T17:55:24.074+01:00  INFO 9596 --- [bank] [           main] o.s.b.t.m.w.SpringBootMockServletContext : Initializing Spring TestDispatcherServlet ''
2026-01-02T17:55:24.074+01:00  INFO 9596 --- [bank] [           main] o.s.t.web.servlet.TestDispatcherServlet  : Initializing Servlet ''
2026-01-02T17:55:24.076+01:00  INFO 9596 --- [bank] [           main] o.s.t.web.servlet.TestDispatcherServlet  : Completed initialization in 1 ms
2026-01-02T17:55:24.105+01:00  INFO 9596 --- [bank] [           main] c.bank.application.BankControllerTest    : Started BankControllerTest in 1.856 seconds (process running for 2.906)
]]></system-out>
    <system-err><![CDATA[Mockito is currently self-attaching to enable the inline-mock-maker. This will no longer work in future releases of the JDK. Please add Mockito as an agent to your build as described in Mockito's documentation: https://javadoc.io/doc/org.mockito/mockito-core/latest/org.mockito/org/mockito/Mockito.html#0.3
WARNING: A Java agent has been loaded dynamically (C:\Users\Samyb\.m2\repository\net\bytebuddy\byte-buddy-agent\1.17.8\byte-buddy-agent-1.17.8.jar)
WARNING: If a serviceability tool is in use, please run with -XX:+EnableDynamicAgentLoading to hide this warning
WARNING: If a serviceability tool is not in use, please run with -Djdk.instrument.traceUsage for more information
WARNING: Dynamic loading of agents will be disallowed by default in a future release
]]></system-err>
  </testcase>
  <testcase name="getWithdrawalTestOK" classname="com.bank.application.BankControllerTest" time="0.008">
    <system-out><![CDATA[
  .   ____          _            __ _ _
 /\\ / ___'_ __ _ _(_)_ __  __ _ \ \ \ \
( ( )\___ | '_ | '_| | '_ \/ _` | \ \ \ \
 \\/  ___)| |_)| | | | | || (_| |  ) ) ) )
  '  |____| .__|_| |_|_| |_\__, | / / / /
 =========|_|==============|___/=/_/_/_/

 :: Spring Boot ::                (v3.5.8)

2026-01-02T17:55:24.970+01:00  INFO 9596 --- [bank] [           main] c.bank.application.BankControllerTest    : Starting BankControllerTest using Java 21.0.9 with PID 9596 (started by Samyb in C:\Users\Samyb\Desktop\Bureau\travail\Bank-Account-API-Hexagonal-architecture\application)
2026-01-02T17:55:24.970+01:00  INFO 9596 --- [bank] [           main] c.bank.application.BankControllerTest    : The following 1 profile is active: "dev"
2026-01-02T17:55:25.275+01:00  INFO 9596 --- [bank] [           main] o.s.b.t.m.w.SpringBootMockServletContext : Initializing Spring TestDispatcherServlet ''
2026-01-02T17:55:25.275+01:00  INFO 9596 --- [bank] [           main] o.s.t.web.servlet.TestDispatcherServlet  : Initializing Servlet ''
2026-01-02T17:55:25.276+01:00  INFO 9596 --- [bank] [           main] o.s.t.web.servlet.TestDispatcherServlet  : Completed initialization in 1 ms
2026-01-02T17:55:25.282+01:00  INFO 9596 --- [bank] [           main] c.bank.application.BankControllerTest    : Started BankControllerTest in 0.343 seconds (process running for 4.083)
]]></system-out>
  </testcase>
  <testcase name="getBalanceTestOK" classname="com.bank.application.BankControllerTest" time="0.005">
    <system-out><![CDATA[
  .   ____          _            __ _ _
 /\\ / ___'_ __ _ _(_)_ __  __ _ \ \ \ \
( ( )\___ | '_ | '_| | '_ \/ _` | \ \ \ \
 \\/  ___)| |_)| | | | | || (_| |  ) ) ) )
  '  |____| .__|_| |_|_| |_\__, | / / / /
 =========|_|==============|___/=/_/_/_/

 :: Spring Boot ::                (v3.5.8)

2026-01-02T17:55:25.326+01:00  INFO 9596 --- [bank] [           main] c.bank.application.BankControllerTest    : Starting BankControllerTest using Java 21.0.9 with PID 9596 (started by Samyb in C:\Users\Samyb\Desktop\Bureau\travail\Bank-Account-API-Hexagonal-architecture\application)
2026-01-02T17:55:25.327+01:00  INFO 9596 --- [bank] [           main] c.bank.application.BankControllerTest    : The following 1 profile is active: "dev"
2026-01-02T17:55:25.590+01:00  INFO 9596 --- [bank] [           main] o.s.b.t.m.w.SpringBootMockServletContext : Initializing Spring TestDispatcherServlet ''
2026-01-02T17:55:25.590+01:00  INFO 9596 --- [bank] [           main] o.s.t.web.servlet.TestDispatcherServlet  : Initializing Servlet ''
2026-01-02T17:55:25.590+01:00  INFO 9596 --- [bank] [           main] o.s.t.web.servlet.TestDispatcherServlet  : Completed initialization in 0 ms
2026-01-02T17:55:25.596+01:00  INFO 9596 --- [bank] [           main] c.bank.application.BankControllerTest    : Started BankControllerTest in 0.301 seconds (process running for 4.397)
]]></system-out>
  </testcase>
  <testcase name="getAccountNumberTestOK" classname="com.bank.application.BankControllerTest" time="0.007">
    <system-out><![CDATA[
  .   ____          _            __ _ _
 /\\ / ___'_ __ _ _(_)_ __  __ _ \ \ \ \
( ( )\___ | '_ | '_| | '_ \/ _` | \ \ \ \
 \\/  ___)| |_)| | | | | || (_| |  ) ) ) )
  '  |____| .__|_| |_|_| |_\__, | / / / /
 =========|_|==============|___/=/_/_/_/

 :: Spring Boot ::                (v3.5.8)

2026-01-02T17:55:25.644+01:00  INFO 9596 --- [bank] [           main] c.bank.application.BankControllerTest    : Starting BankControllerTest using Java 21.0.9 with PID 9596 (started by Samyb in C:\Users\Samyb\Desktop\Bureau\travail\Bank-Account-API-Hexagonal-architecture\application)
2026-01-02T17:55:25.644+01:00  INFO 9596 --- [bank] [           main] c.bank.application.BankControllerTest    : The following 1 profile is active: "dev"
2026-01-02T17:55:25.886+01:00  INFO 9596 --- [bank] [           main] o.s.b.t.m.w.SpringBootMockServletContext : Initializing Spring TestDispatcherServlet ''
2026-01-02T17:55:25.887+01:00  INFO 9596 --- [bank] [           main] o.s.t.web.servlet.TestDispatcherServlet  : Initializing Servlet ''
2026-01-02T17:55:25.887+01:00  INFO 9596 --- [bank] [           main] o.s.t.web.servlet.TestDispatcherServlet  : Completed initialization in 0 ms
2026-01-02T17:55:25.892+01:00  INFO 9596 --- [bank] [           main] c.bank.application.BankControllerTest    : Started BankControllerTest in 0.287 seconds (process running for 4.693)
]]></system-out>
  </testcase>
  <testcase name="getOverWithdrawalTestOK" classname="com.bank.application.BankControllerTest" time="0.004">
    <system-out><![CDATA[
  .   ____          _            __ _ _
 /\\ / ___'_ __ _ _(_)_ __  __ _ \ \ \ \
( ( )\___ | '_ | '_| | '_ \/ _` | \ \ \ \
 \\/  ___)| |_)| | | | | || (_| |  ) ) ) )
  '  |____| .__|_| |_|_| |_\__, | / / / /
 =========|_|==============|___/=/_/_/_/

 :: Spring Boot ::                (v3.5.8)

2026-01-02T17:55:25.931+01:00  INFO 9596 --- [bank] [           main] c.bank.application.BankControllerTest    : Starting BankControllerTest using Java 21.0.9 with PID 9596 (started by Samyb in C:\Users\Samyb\Desktop\Bureau\travail\Bank-Account-API-Hexagonal-architecture\application)
2026-01-02T17:55:25.932+01:00  INFO 9596 --- [bank] [           main] c.bank.application.BankControllerTest    : The following 1 profile is active: "dev"
2026-01-02T17:55:26.162+01:00  INFO 9596 --- [bank] [           main] o.s.b.t.m.w.SpringBootMockServletContext : Initializing Spring TestDispatcherServlet ''
2026-01-02T17:55:26.162+01:00  INFO 9596 --- [bank] [           main] o.s.t.web.servlet.TestDispatcherServlet  : Initializing Servlet ''
2026-01-02T17:55:26.162+01:00  INFO 9596 --- [bank] [           main] o.s.t.web.servlet.TestDispatcherServlet  : Completed initialization in 0 ms
2026-01-02T17:55:26.171+01:00  INFO 9596 --- [bank] [           main] c.bank.application.BankControllerTest    : Started BankControllerTest in 0.268 seconds (process running for 4.972)
]]></system-out>
  </testcase>
  <testcase name="putDepositTestKO" classname="com.bank.application.BankControllerTest" time="0.005">
    <system-out><![CDATA[
  .   ____          _            __ _ _
 /\\ / ___'_ __ _ _(_)_ __  __ _ \ \ \ \
( ( )\___ | '_ | '_| | '_ \/ _` | \ \ \ \
 \\/  ___)| |_)| | | | | || (_| |  ) ) ) )
  '  |____| .__|_| |_|_| |_\__, | / / / /
 =========|_|==============|___/=/_/_/_/

 :: Spring Boot ::                (v3.5.8)

2026-01-02T17:55:26.204+01:00  INFO 9596 --- [bank] [           main] c.bank.application.BankControllerTest    : Starting BankControllerTest using Java 21.0.9 with PID 9596 (started by Samyb in C:\Users\Samyb\Desktop\Bureau\travail\Bank-Account-API-Hexagonal-architecture\application)
2026-01-02T17:55:26.205+01:00  INFO 9596 --- [bank] [           main] c.bank.application.BankControllerTest    : The following 1 profile is active: "dev"
2026-01-02T17:55:26.427+01:00  INFO 9596 --- [bank] [           main] o.s.b.t.m.w.SpringBootMockServletContext : Initializing Spring TestDispatcherServlet ''
2026-01-02T17:55:26.428+01:00  INFO 9596 --- [bank] [           main] o.s.t.web.servlet.TestDispatcherServlet  : Initializing Servlet ''
2026-01-02T17:55:26.428+01:00  INFO 9596 --- [bank] [           main] o.s.t.web.servlet.TestDispatcherServlet  : Completed initialization in 0 ms
2026-01-02T17:55:26.433+01:00  INFO 9596 --- [bank] [           main] c.bank.application.BankControllerTest    : Started BankControllerTest in 0.254 seconds (process running for 5.234)
]]></system-out>
  </testcase>
  <testcase name="putDepositTestOK" classname="com.bank.application.BankControllerTest" time="0.006">
    <system-out><![CDATA[
  .   ____          _            __ _ _
 /\\ / ___'_ __ _ _(_)_ __  __ _ \ \ \ \
( ( )\___ | '_ | '_| | '_ \/ _` | \ \ \ \
 \\/  ___)| |_)| | | | | || (_| |  ) ) ) )
  '  |____| .__|_| |_|_| |_\__, | / / / /
 =========|_|==============|___/=/_/_/_/

 :: Spring Boot ::                (v3.5.8)

2026-01-02T17:55:26.469+01:00  INFO 9596 --- [bank] [           main] c.bank.application.BankControllerTest    : Starting BankControllerTest using Java 21.0.9 with PID 9596 (started by Samyb in C:\Users\Samyb\Desktop\Bureau\travail\Bank-Account-API-Hexagonal-architecture\application)
2026-01-02T17:55:26.469+01:00  INFO 9596 --- [bank] [           main] c.bank.application.BankControllerTest    : The following 1 profile is active: "dev"
2026-01-02T17:55:26.726+01:00  INFO 9596 --- [bank] [           main] o.s.b.t.m.w.SpringBootMockServletContext : Initializing Spring TestDispatcherServlet ''
2026-01-02T17:55:26.726+01:00  INFO 9596 --- [bank] [           main] o.s.t.web.servlet.TestDispatcherServlet  : Initializing Servlet ''
2026-01-02T17:55:26.728+01:00  INFO 9596 --- [bank] [           main] o.s.t.web.servlet.TestDispatcherServlet  : Completed initialization in 1 ms
2026-01-02T17:55:26.744+01:00  INFO 9596 --- [bank] [           main] c.bank.application.BankControllerTest    : Started BankControllerTest in 0.303 seconds (process running for 5.545)
]]></system-out>
  </testcase>
  <testcase name="putOverwithdrawalTestKO" classname="com.bank.application.BankControllerTest" time="0.004">
    <system-out><![CDATA[
  .   ____          _            __ _ _
 /\\ / ___'_ __ _ _(_)_ __  __ _ \ \ \ \
( ( )\___ | '_ | '_| | '_ \/ _` | \ \ \ \
 \\/  ___)| |_)| | | | | || (_| |  ) ) ) )
  '  |____| .__|_| |_|_| |_\__, | / / / /
 =========|_|==============|___/=/_/_/_/

 :: Spring Boot ::                (v3.5.8)

2026-01-02T17:55:26.778+01:00  INFO 9596 --- [bank] [           main] c.bank.application.BankControllerTest    : Starting BankControllerTest using Java 21.0.9 with PID 9596 (started by Samyb in C:\Users\Samyb\Desktop\Bureau\travail\Bank-Account-API-Hexagonal-architecture\application)
2026-01-02T17:55:26.779+01:00  INFO 9596 --- [bank] [           main] c.bank.application.BankControllerTest    : The following 1 profile is active: "dev"
2026-01-02T17:55:26.968+01:00  INFO 9596 --- [bank] [           main] o.s.b.t.m.w.SpringBootMockServletContext : Initializing Spring TestDispatcherServlet ''
2026-01-02T17:55:26.969+01:00  INFO 9596 --- [bank] [           main] o.s.t.web.servlet.TestDispatcherServlet  : Initializing Servlet ''
2026-01-02T17:55:26.969+01:00  INFO 9596 --- [bank] [           main] o.s.t.web.servlet.TestDispatcherServlet  : Completed initialization in 0 ms
2026-01-02T17:55:26.973+01:00  INFO 9596 --- [bank] [           main] c.bank.application.BankControllerTest    : Started BankControllerTest in 0.215 seconds (process running for 5.773)
]]></system-out>
  </testcase>
  <testcase name="putOverwithdrawalTestOK" classname="com.bank.application.BankControllerTest" time="0.005">
    <system-out><![CDATA[
  .   ____          _            __ _ _
 /\\ / ___'_ __ _ _(_)_ __  __ _ \ \ \ \
( ( )\___ | '_ | '_| | '_ \/ _` | \ \ \ \
 \\/  ___)| |_)| | | | | || (_| |  ) ) ) )
  '  |____| .__|_| |_|_| |_\__, | / / / /
 =========|_|==============|___/=/_/_/_/

 :: Spring Boot ::                (v3.5.8)

2026-01-02T17:55:27.003+01:00  INFO 9596 --- [bank] [           main] c.bank.application.BankControllerTest    : Starting BankControllerTest using Java 21.0.9 with PID 9596 (started by Samyb in C:\Users\Samyb\Desktop\Bureau\travail\Bank-Account-API-Hexagonal-architecture\application)
2026-01-02T17:55:27.003+01:00  INFO 9596 --- [bank] [           main] c.bank.application.BankControllerTest    : The following 1 profile is active: "dev"
2026-01-02T17:55:27.192+01:00  INFO 9596 --- [bank] [           main] o.s.b.t.m.w.SpringBootMockServletContext : Initializing Spring TestDispatcherServlet ''
2026-01-02T17:55:27.192+01:00  INFO 9596 --- [bank] [           main] o.s.t.web.servlet.TestDispatcherServlet  : Initializing Servlet ''
2026-01-02T17:55:27.193+01:00  INFO 9596 --- [bank] [           main] o.s.t.web.servlet.TestDispatcherServlet  : Completed initialization in 0 ms
2026-01-02T17:55:27.201+01:00  INFO 9596 --- [bank] [           main] c.bank.application.BankControllerTest    : Started BankControllerTest in 0.22 seconds (process running for 6.002)
]]></system-out>
  </testcase>
</testsuite>